<?xml version="1.0" encoding="UTF-8"?>
<!-- Generated by org.testng.reporters.JUnitReportReporter -->
<testsuite skipped="0" hostname="ip-172-31-25-102" name="com.bdd.runners.LoginModuleRunner" tests="2" failures="0" timestamp="2023-02-02T13:42:31 UTC" time="11.328" errors="0">
  <testcase name="runScenario" time="4.209" classname="com.bdd.runners.LoginModuleRunner"/>
  <system-out/>
  <testcase name="runScenario" time="7.119" classname="com.bdd.runners.LoginModuleRunner"/>
  <system-out/>
</testsuite> <!-- com.bdd.runners.LoginModuleRunner -->
